24-07-13.12:44:31.869 [main            ] INFO  StrategyRepository     - Starting StrategyRepository using Java 1.8.0_291 on DESKTOP-0DBC1Q6 with PID 9644 (started by Lenovo in E:\spring\big-master\big-market\big-market-app)
24-07-13.12:44:31.870 [main            ] INFO  StrategyRepository     - The following 1 profile is active: "dev"
24-07-13.12:44:32.624 [main            ] INFO  RepositoryConfigurationDelegate - Multiple Spring Data modules found, entering strict repository configuration mode
24-07-13.12:44:32.626 [main            ] INFO  RepositoryConfigurationDelegate - Bootstrapping Spring Data Redis repositories in DEFAULT mode.
24-07-13.12:44:32.651 [main            ] INFO  RepositoryConfigurationDelegate - Finished Spring Data repository scanning in 13 ms. Found 0 Redis repository interfaces.
24-07-13.12:44:33.996 [main            ] INFO  Version                - Redisson 3.23.4
24-07-13.12:44:34.571 [redisson-netty-2-4] INFO  MasterPubSubConnectionPool - 1 connections initialized for 127.0.0.1/127.0.0.1:16379
24-07-13.12:44:34.584 [redisson-netty-2-13] INFO  MasterConnectionPool   - 5 connections initialized for 127.0.0.1/127.0.0.1:16379
24-07-13.12:44:36.005 [main            ] INFO  EndpointLinksResolver  - Exposing 1 endpoint(s) beneath base path '/actuator'
24-07-13.12:44:36.063 [main            ] INFO  StrategyRepository     - Started StrategyRepository in 4.495 seconds (JVM running for 5.187)
24-07-13.12:44:36.400 [main            ] INFO  HikariDataSource       - HikariPool-1 - Starting...
24-07-13.12:44:37.003 [main            ] INFO  HikariDataSource       - HikariPool-1 - Start completed.
24-07-13.12:44:37.239 [main            ] INFO  StrategyRepository     - 测试结果：{"treeDesc":"规则树","treeId":"tree_lock","treeName":"规则树","treeNodeMap":{"rule_lock":{"ruleDesc":"限定用户已完成N次抽奖后解锁","ruleKey":"rule_lock","ruleValue":"1","treeId":"tree_lock","treeNodeLineVOList":[{"ruleLimitType":"EQUAL","ruleLimitValue":"ALLOW","ruleNodeFrom":"rule_lock","ruleNodeTo":"rule_stock","treeId":"tree_lock"},{"ruleLimitType":"EQUAL","ruleLimitValue":"TAKE_OVER","ruleNodeFrom":"rule_lock","ruleNodeTo":"rule_luck_award","treeId":"tree_lock"}]},"rule_stock":{"ruleDesc":"库存扣减规则","ruleKey":"rule_stock","treeId":"tree_lock","treeNodeLineVOList":[{"ruleLimitType":"EQUAL","ruleLimitValue":"TAKE_OVER","ruleNodeFrom":"rule_stock","ruleNodeTo":"rule_luck_award","treeId":"tree_lock"}]},"rule_luck_award":{"ruleDesc":"兜底奖品随机积分","ruleKey":"rule_luck_award","ruleValue":"1,100","treeId":"tree_lock"}},"treeRootRuleNode":"rule_lock"}
24-07-13.12:44:37.268 [SpringApplicationShutdownHook] INFO  HikariDataSource       - HikariPool-1 - Shutdown initiated...
24-07-13.12:44:37.278 [SpringApplicationShutdownHook] INFO  HikariDataSource       - HikariPool-1 - Shutdown completed.
24-07-13.13:17:39.728 [main            ] INFO  RaffleStrategyTest     - Starting RaffleStrategyTest using Java 1.8.0_291 on DESKTOP-0DBC1Q6 with PID 16968 (started by Lenovo in E:\spring\big-master\big-market\big-market-app)
24-07-13.13:17:39.736 [main            ] INFO  RaffleStrategyTest     - The following 1 profile is active: "dev"
24-07-13.13:17:40.338 [main            ] INFO  RepositoryConfigurationDelegate - Multiple Spring Data modules found, entering strict repository configuration mode
24-07-13.13:17:40.340 [main            ] INFO  RepositoryConfigurationDelegate - Bootstrapping Spring Data Redis repositories in DEFAULT mode.
24-07-13.13:17:40.365 [main            ] INFO  RepositoryConfigurationDelegate - Finished Spring Data repository scanning in 14 ms. Found 0 Redis repository interfaces.
24-07-13.13:17:41.672 [main            ] INFO  Version                - Redisson 3.23.4
24-07-13.13:17:42.201 [redisson-netty-2-4] INFO  MasterPubSubConnectionPool - 1 connections initialized for 127.0.0.1/127.0.0.1:16379
24-07-13.13:17:42.212 [redisson-netty-2-13] INFO  MasterConnectionPool   - 5 connections initialized for 127.0.0.1/127.0.0.1:16379
24-07-13.13:17:43.639 [main            ] INFO  EndpointLinksResolver  - Exposing 1 endpoint(s) beneath base path '/actuator'
24-07-13.13:17:43.707 [main            ] INFO  RaffleStrategyTest     - Started RaffleStrategyTest in 4.256 seconds (JVM running for 4.857)
24-07-13.13:17:44.190 [main            ] INFO  HikariDataSource       - HikariPool-1 - Starting...
24-07-13.13:17:44.774 [main            ] INFO  HikariDataSource       - HikariPool-1 - Start completed.
24-07-13.13:17:44.833 [main            ] INFO  RaffleStrategyTest     - 测试结果：true
24-07-13.13:17:44.865 [main            ] INFO  RaffleStrategyTest     - 测试结果：true
24-07-13.13:17:44.871 [main            ] INFO  RuleWeightLogicChain   - 抽奖责任链-权重开始 userId: user003 strategyId: 100001 ruleModel: rule_weight
24-07-13.13:17:44.892 [main            ] INFO  RuleWeightLogicChain   - 抽奖责任链-权重接管 userId: user003 strategyId: 100001 ruleModel: rule_weight awardId: 103
24-07-13.13:17:44.892 [main            ] INFO  AbstractRaffleStrategy - 抽奖策略计算-责任链 user003 100001 103 rule_weight
24-07-13.13:17:45.014 [main            ] INFO  RaffleStrategyTest     - 请求参数：{"strategyId":100001,"userId":"user003"}
24-07-13.13:17:45.017 [main            ] INFO  RaffleStrategyTest     - 测试结果：{"awardId":103}
24-07-13.13:17:45.091 [main            ] INFO  RaffleStrategyTest     - 测试结果：true
24-07-13.13:17:45.096 [main            ] INFO  RaffleStrategyTest     - 测试结果：true
24-07-13.13:17:45.101 [main            ] INFO  DefaultLogicChain      - 抽奖责任链-默认处理 userId:xiaofuge, strategyId:100003, awardId:107
24-07-13.13:17:45.101 [main            ] INFO  AbstractRaffleStrategy - 抽奖策略计算-责任链 xiaofuge 100003 107 rule_default
24-07-13.13:17:45.150 [main            ] INFO  RaffleStrategyTest     - 测试结果：true
24-07-13.13:17:45.154 [main            ] INFO  RaffleStrategyTest     - 测试结果：true
24-07-13.13:17:45.157 [main            ] INFO  DefaultLogicChain      - 抽奖责任链-默认处理 userId:xiaofuge, strategyId:100006, awardId:102
24-07-13.13:17:45.158 [main            ] INFO  AbstractRaffleStrategy - 抽奖策略计算-责任链 xiaofuge 100006 102 rule_default
24-07-13.13:17:45.164 [main            ] INFO  AbstractRaffleStrategy - 抽奖策略计算-规则树 xiaofuge 100006 101 1, 100
24-07-13.13:17:45.164 [main            ] INFO  RaffleStrategyTest     - 请求参数：{"strategyId":100006,"userId":"xiaofuge"}
24-07-13.13:17:45.164 [main            ] INFO  RaffleStrategyTest     - 测试结果：{"awardConfig":"1, 100","awardId":101}
24-07-13.13:17:45.185 [SpringApplicationShutdownHook] INFO  HikariDataSource       - HikariPool-1 - Shutdown initiated...
24-07-13.13:17:45.192 [SpringApplicationShutdownHook] INFO  HikariDataSource       - HikariPool-1 - Shutdown completed.
24-07-13.13:18:55.904 [main            ] INFO  RaffleStrategyTest     - Starting RaffleStrategyTest using Java 1.8.0_291 on DESKTOP-0DBC1Q6 with PID 22200 (started by Lenovo in E:\spring\big-master\big-market\big-market-app)
24-07-13.13:18:55.905 [main            ] INFO  RaffleStrategyTest     - The following 1 profile is active: "dev"
24-07-13.13:18:56.506 [main            ] INFO  RepositoryConfigurationDelegate - Multiple Spring Data modules found, entering strict repository configuration mode
24-07-13.13:18:56.508 [main            ] INFO  RepositoryConfigurationDelegate - Bootstrapping Spring Data Redis repositories in DEFAULT mode.
24-07-13.13:18:56.535 [main            ] INFO  RepositoryConfigurationDelegate - Finished Spring Data repository scanning in 15 ms. Found 0 Redis repository interfaces.
24-07-13.13:18:57.780 [main            ] INFO  Version                - Redisson 3.23.4
24-07-13.13:18:58.324 [redisson-netty-2-4] INFO  MasterPubSubConnectionPool - 1 connections initialized for 127.0.0.1/127.0.0.1:16379
24-07-13.13:18:58.336 [redisson-netty-2-13] INFO  MasterConnectionPool   - 5 connections initialized for 127.0.0.1/127.0.0.1:16379
24-07-13.13:18:59.765 [main            ] INFO  EndpointLinksResolver  - Exposing 1 endpoint(s) beneath base path '/actuator'
24-07-13.13:18:59.814 [main            ] INFO  RaffleStrategyTest     - Started RaffleStrategyTest in 4.195 seconds (JVM running for 4.797)
24-07-13.13:19:00.263 [main            ] INFO  HikariDataSource       - HikariPool-1 - Starting...
24-07-13.13:19:00.815 [main            ] INFO  HikariDataSource       - HikariPool-1 - Start completed.
24-07-13.13:19:00.869 [main            ] INFO  RaffleStrategyTest     - 测试结果：true
24-07-13.13:19:00.874 [main            ] INFO  RaffleStrategyTest     - 测试结果：true
24-07-13.13:19:00.882 [main            ] INFO  DefaultLogicChain      - 抽奖责任链-默认处理 userId:xiaofuge, strategyId:100006, awardId:101
24-07-13.13:19:00.883 [main            ] INFO  AbstractRaffleStrategy - 抽奖策略计算-责任链 xiaofuge 100006 101 rule_default
24-07-13.13:19:00.894 [main            ] INFO  AbstractRaffleStrategy - 抽奖策略计算-规则树 xiaofuge 100006 101 1, 100
24-07-13.13:19:01.034 [main            ] INFO  RaffleStrategyTest     - 请求参数：{"strategyId":100006,"userId":"xiaofuge"}
24-07-13.13:19:01.037 [main            ] INFO  RaffleStrategyTest     - 测试结果：{"awardConfig":"1, 100","awardId":101}
24-07-13.13:19:01.065 [SpringApplicationShutdownHook] INFO  HikariDataSource       - HikariPool-1 - Shutdown initiated...
24-07-13.13:19:01.073 [SpringApplicationShutdownHook] INFO  HikariDataSource       - HikariPool-1 - Shutdown completed.
24-07-13.13:22:15.692 [main            ] INFO  RaffleStrategyTest     - Starting RaffleStrategyTest using Java 1.8.0_291 on DESKTOP-0DBC1Q6 with PID 20812 (started by Lenovo in E:\spring\big-master\big-market\big-market-app)
24-07-13.13:22:15.693 [main            ] INFO  RaffleStrategyTest     - The following 1 profile is active: "dev"
24-07-13.13:22:16.311 [main            ] INFO  RepositoryConfigurationDelegate - Multiple Spring Data modules found, entering strict repository configuration mode
24-07-13.13:22:16.314 [main            ] INFO  RepositoryConfigurationDelegate - Bootstrapping Spring Data Redis repositories in DEFAULT mode.
24-07-13.13:22:16.335 [main            ] INFO  RepositoryConfigurationDelegate - Finished Spring Data repository scanning in 10 ms. Found 0 Redis repository interfaces.
24-07-13.13:22:17.592 [main            ] INFO  Version                - Redisson 3.23.4
24-07-13.13:22:18.128 [redisson-netty-2-5] INFO  MasterPubSubConnectionPool - 1 connections initialized for 127.0.0.1/127.0.0.1:16379
24-07-13.13:22:18.141 [redisson-netty-2-13] INFO  MasterConnectionPool   - 5 connections initialized for 127.0.0.1/127.0.0.1:16379
24-07-13.13:22:19.528 [main            ] INFO  EndpointLinksResolver  - Exposing 1 endpoint(s) beneath base path '/actuator'
24-07-13.13:22:19.575 [main            ] INFO  RaffleStrategyTest     - Started RaffleStrategyTest in 4.168 seconds (JVM running for 4.784)
24-07-13.13:22:20.027 [main            ] INFO  HikariDataSource       - HikariPool-1 - Starting...
24-07-13.13:22:20.564 [main            ] INFO  HikariDataSource       - HikariPool-1 - Start completed.
24-07-13.13:22:20.622 [main            ] INFO  RaffleStrategyTest     - 测试结果：true
24-07-13.13:22:20.630 [main            ] INFO  RaffleStrategyTest     - 测试结果：true
24-07-13.13:22:20.639 [main            ] INFO  DefaultLogicChain      - 抽奖责任链-默认处理 userId:xiaofuge, strategyId:100006, awardId:102
24-07-13.13:22:20.641 [main            ] INFO  AbstractRaffleStrategy - 抽奖策略计算-责任链 xiaofuge 100006 102 rule_default
24-07-13.13:22:20.654 [main            ] INFO  AbstractRaffleStrategy - 抽奖策略计算-规则树 xiaofuge 100006 101 1, 100
24-07-13.13:22:20.780 [main            ] INFO  RaffleStrategyTest     - 请求参数：{"strategyId":100006,"userId":"xiaofuge"}
24-07-13.13:22:20.782 [main            ] INFO  RaffleStrategyTest     - 测试结果：{"awardConfig":"1, 100","awardId":101}
24-07-13.13:22:20.812 [SpringApplicationShutdownHook] INFO  HikariDataSource       - HikariPool-1 - Shutdown initiated...
24-07-13.13:22:20.821 [SpringApplicationShutdownHook] INFO  HikariDataSource       - HikariPool-1 - Shutdown completed.
24-07-13.13:26:24.610 [main            ] INFO  RaffleStrategyTest     - Starting RaffleStrategyTest using Java 1.8.0_291 on DESKTOP-0DBC1Q6 with PID 8576 (started by Lenovo in E:\spring\big-master\big-market\big-market-app)
24-07-13.13:26:24.610 [main            ] INFO  RaffleStrategyTest     - The following 1 profile is active: "dev"
24-07-13.13:26:25.191 [main            ] INFO  RepositoryConfigurationDelegate - Multiple Spring Data modules found, entering strict repository configuration mode
24-07-13.13:26:25.193 [main            ] INFO  RepositoryConfigurationDelegate - Bootstrapping Spring Data Redis repositories in DEFAULT mode.
24-07-13.13:26:25.217 [main            ] INFO  RepositoryConfigurationDelegate - Finished Spring Data repository scanning in 13 ms. Found 0 Redis repository interfaces.
24-07-13.13:26:26.537 [main            ] INFO  Version                - Redisson 3.23.4
24-07-13.13:26:27.080 [redisson-netty-2-4] INFO  MasterPubSubConnectionPool - 1 connections initialized for 127.0.0.1/127.0.0.1:16379
24-07-13.13:26:27.092 [redisson-netty-2-13] INFO  MasterConnectionPool   - 5 connections initialized for 127.0.0.1/127.0.0.1:16379
24-07-13.13:26:28.437 [main            ] INFO  EndpointLinksResolver  - Exposing 1 endpoint(s) beneath base path '/actuator'
24-07-13.13:26:28.495 [main            ] INFO  RaffleStrategyTest     - Started RaffleStrategyTest in 4.171 seconds (JVM running for 4.779)
24-07-13.13:26:28.925 [main            ] INFO  HikariDataSource       - HikariPool-1 - Starting...
24-07-13.13:26:29.449 [main            ] INFO  HikariDataSource       - HikariPool-1 - Start completed.
24-07-13.13:26:29.503 [main            ] INFO  RaffleStrategyTest     - 测试结果：true
24-07-13.13:26:29.512 [main            ] INFO  RaffleStrategyTest     - 测试结果：true
24-07-13.13:26:29.519 [main            ] INFO  DefaultLogicChain      - 抽奖责任链-默认处理 userId:xiaofuge, strategyId:100006, awardId:102
24-07-13.13:26:29.520 [main            ] INFO  AbstractRaffleStrategy - 抽奖策略计算-责任链 xiaofuge 100006 102 rule_default
24-07-13.13:26:29.530 [main            ] INFO  AbstractRaffleStrategy - 抽奖策略计算-规则树 xiaofuge 100006 101 1, 100
24-07-13.13:26:29.660 [main            ] INFO  RaffleStrategyTest     - 请求参数：{"strategyId":100006,"userId":"xiaofuge"}
24-07-13.13:26:29.664 [main            ] INFO  RaffleStrategyTest     - 测试结果：{"awardConfig":"1, 100","awardId":101}
24-07-13.13:26:29.695 [SpringApplicationShutdownHook] INFO  HikariDataSource       - HikariPool-1 - Shutdown initiated...
24-07-13.13:26:29.703 [SpringApplicationShutdownHook] INFO  HikariDataSource       - HikariPool-1 - Shutdown completed.
24-07-13.21:33:05.254 [main            ] INFO  RaffleStrategyTest     - Starting RaffleStrategyTest using Java 1.8.0_291 on DESKTOP-0DBC1Q6 with PID 4312 (started by Lenovo in E:\spring\big-master\big-market\big-market-app)
24-07-13.21:33:05.255 [main            ] INFO  RaffleStrategyTest     - The following 1 profile is active: "dev"
24-07-13.21:33:05.915 [main            ] INFO  RepositoryConfigurationDelegate - Multiple Spring Data modules found, entering strict repository configuration mode
24-07-13.21:33:05.917 [main            ] INFO  RepositoryConfigurationDelegate - Bootstrapping Spring Data Redis repositories in DEFAULT mode.
24-07-13.21:33:05.941 [main            ] INFO  RepositoryConfigurationDelegate - Finished Spring Data repository scanning in 12 ms. Found 0 Redis repository interfaces.
24-07-13.21:33:07.371 [main            ] INFO  Version                - Redisson 3.23.4
24-07-13.21:33:07.932 [redisson-netty-2-4] INFO  MasterPubSubConnectionPool - 1 connections initialized for 127.0.0.1/127.0.0.1:16379
24-07-13.21:33:07.943 [redisson-netty-2-13] INFO  MasterConnectionPool   - 5 connections initialized for 127.0.0.1/127.0.0.1:16379
24-07-13.21:33:09.347 [main            ] INFO  EndpointLinksResolver  - Exposing 1 endpoint(s) beneath base path '/actuator'
24-07-13.21:33:09.412 [main            ] INFO  RaffleStrategyTest     - Started RaffleStrategyTest in 4.483 seconds (JVM running for 5.155)
24-07-13.21:33:09.803 [redisson-netty-2-2] ERROR CommandDecoder         - Unable to decode data. channel: [id: 0xa79bfb13, L:/127.0.0.1:55726 - R:127.0.0.1/127.0.0.1:16379], reply: ReplayingDecoderByteBuf(ridx=149, widx=149), command: (GET), promise: java.util.concurrent.CompletableFuture@7cac7ba3[Not completed, 1 dependents], params: [big_market_strategy_award_key_100006]
com.esotericsoftware.kryo.KryoException: Unable to find class: cn.bugstack.domain.strategy_model.entity.StrategyAwardEntity
	at com.esotericsoftware.kryo.util.DefaultClassResolver.readName(DefaultClassResolver.java:182)
	at com.esotericsoftware.kryo.util.DefaultClassResolver.readClass(DefaultClassResolver.java:151)
	at com.esotericsoftware.kryo.Kryo.readClass(Kryo.java:758)
	at com.esotericsoftware.kryo.serializers.CollectionSerializer.read(CollectionSerializer.java:222)
	at com.esotericsoftware.kryo.serializers.CollectionSerializer.read(CollectionSerializer.java:44)
	at com.esotericsoftware.kryo.Kryo.readClassAndObject(Kryo.java:880)
	at org.redisson.codec.Kryo5Codec$4.decode(Kryo5Codec.java:144)
	at org.redisson.client.handler.CommandDecoder.decode(CommandDecoder.java:394)
	at org.redisson.client.handler.CommandDecoder.decodeCommand(CommandDecoder.java:205)
	at org.redisson.client.handler.CommandDecoder.decode(CommandDecoder.java:144)
	at org.redisson.client.handler.CommandDecoder.decode(CommandDecoder.java:120)
	at io.netty.handler.codec.ByteToMessageDecoder.decodeRemovalReentryProtection(ByteToMessageDecoder.java:529)
	at io.netty.handler.codec.ReplayingDecoder.callDecode(ReplayingDecoder.java:366)
	at io.netty.handler.codec.ByteToMessageDecoder.channelRead(ByteToMessageDecoder.java:290)
	at io.netty.channel.AbstractChannelHandlerContext.invokeChannelRead(AbstractChannelHandlerContext.java:444)
	at io.netty.channel.AbstractChannelHandlerContext.invokeChannelRead(AbstractChannelHandlerContext.java:420)
	at io.netty.channel.AbstractChannelHandlerContext.fireChannelRead(AbstractChannelHandlerContext.java:412)
	at io.netty.channel.DefaultChannelPipeline$HeadContext.channelRead(DefaultChannelPipeline.java:1410)
	at io.netty.channel.AbstractChannelHandlerContext.invokeChannelRead(AbstractChannelHandlerContext.java:440)
	at io.netty.channel.AbstractChannelHandlerContext.invokeChannelRead(AbstractChannelHandlerContext.java:420)
	at io.netty.channel.DefaultChannelPipeline.fireChannelRead(DefaultChannelPipeline.java:919)
	at io.netty.channel.nio.AbstractNioByteChannel$NioByteUnsafe.read(AbstractNioByteChannel.java:166)
	at io.netty.channel.nio.NioEventLoop.processSelectedKey(NioEventLoop.java:788)
	at io.netty.channel.nio.NioEventLoop.processSelectedKeysOptimized(NioEventLoop.java:724)
	at io.netty.channel.nio.NioEventLoop.processSelectedKeys(NioEventLoop.java:650)
	at io.netty.channel.nio.NioEventLoop.run(NioEventLoop.java:562)
	at io.netty.util.concurrent.SingleThreadEventExecutor$4.run(SingleThreadEventExecutor.java:997)
	at io.netty.util.internal.ThreadExecutorMap$2.run(ThreadExecutorMap.java:74)
	at io.netty.util.concurrent.FastThreadLocalRunnable.run(FastThreadLocalRunnable.java:30)
	at java.lang.Thread.run(Thread.java:748)
Caused by: java.lang.ClassNotFoundException: cn.bugstack.domain.strategy_model.entity.StrategyAwardEntity
	at java.net.URLClassLoader.findClass(URLClassLoader.java:382)
	at java.lang.ClassLoader.loadClass(ClassLoader.java:418)
	at sun.misc.Launcher$AppClassLoader.loadClass(Launcher.java:355)
	at java.lang.ClassLoader.loadClass(ClassLoader.java:351)
	at java.lang.Class.forName0(Native Method)
	at java.lang.Class.forName(Class.java:348)
	at com.esotericsoftware.kryo.util.DefaultClassResolver.readName(DefaultClassResolver.java:176)
	... 29 common frames omitted
24-07-13.21:33:09.810 [redisson-netty-2-2] ERROR ErrorsLoggingHandler   - Exception occured. Channel: [id: 0xa79bfb13, L:/127.0.0.1:55726 - R:127.0.0.1/127.0.0.1:16379]
io.netty.handler.codec.DecoderException: com.esotericsoftware.kryo.KryoException: Unable to find class: cn.bugstack.domain.strategy_model.entity.StrategyAwardEntity
	at io.netty.handler.codec.ReplayingDecoder.callDecode(ReplayingDecoder.java:421)
	at io.netty.handler.codec.ByteToMessageDecoder.channelRead(ByteToMessageDecoder.java:290)
	at io.netty.channel.AbstractChannelHandlerContext.invokeChannelRead(AbstractChannelHandlerContext.java:444)
	at io.netty.channel.AbstractChannelHandlerContext.invokeChannelRead(AbstractChannelHandlerContext.java:420)
	at io.netty.channel.AbstractChannelHandlerContext.fireChannelRead(AbstractChannelHandlerContext.java:412)
	at io.netty.channel.DefaultChannelPipeline$HeadContext.channelRead(DefaultChannelPipeline.java:1410)
	at io.netty.channel.AbstractChannelHandlerContext.invokeChannelRead(AbstractChannelHandlerContext.java:440)
	at io.netty.channel.AbstractChannelHandlerContext.invokeChannelRead(AbstractChannelHandlerContext.java:420)
	at io.netty.channel.DefaultChannelPipeline.fireChannelRead(DefaultChannelPipeline.java:919)
	at io.netty.channel.nio.AbstractNioByteChannel$NioByteUnsafe.read(AbstractNioByteChannel.java:166)
	at io.netty.channel.nio.NioEventLoop.processSelectedKey(NioEventLoop.java:788)
	at io.netty.channel.nio.NioEventLoop.processSelectedKeysOptimized(NioEventLoop.java:724)
	at io.netty.channel.nio.NioEventLoop.processSelectedKeys(NioEventLoop.java:650)
	at io.netty.channel.nio.NioEventLoop.run(NioEventLoop.java:562)
	at io.netty.util.concurrent.SingleThreadEventExecutor$4.run(SingleThreadEventExecutor.java:997)
	at io.netty.util.internal.ThreadExecutorMap$2.run(ThreadExecutorMap.java:74)
	at io.netty.util.concurrent.FastThreadLocalRunnable.run(FastThreadLocalRunnable.java:30)
	at java.lang.Thread.run(Thread.java:748)
Caused by: com.esotericsoftware.kryo.KryoException: Unable to find class: cn.bugstack.domain.strategy_model.entity.StrategyAwardEntity
	at com.esotericsoftware.kryo.util.DefaultClassResolver.readName(DefaultClassResolver.java:182)
	at com.esotericsoftware.kryo.util.DefaultClassResolver.readClass(DefaultClassResolver.java:151)
	at com.esotericsoftware.kryo.Kryo.readClass(Kryo.java:758)
	at com.esotericsoftware.kryo.serializers.CollectionSerializer.read(CollectionSerializer.java:222)
	at com.esotericsoftware.kryo.serializers.CollectionSerializer.read(CollectionSerializer.java:44)
	at com.esotericsoftware.kryo.Kryo.readClassAndObject(Kryo.java:880)
	at org.redisson.codec.Kryo5Codec$4.decode(Kryo5Codec.java:144)
	at org.redisson.client.handler.CommandDecoder.decode(CommandDecoder.java:394)
	at org.redisson.client.handler.CommandDecoder.decodeCommand(CommandDecoder.java:205)
	at org.redisson.client.handler.CommandDecoder.decode(CommandDecoder.java:144)
	at org.redisson.client.handler.CommandDecoder.decode(CommandDecoder.java:120)
	at io.netty.handler.codec.ByteToMessageDecoder.decodeRemovalReentryProtection(ByteToMessageDecoder.java:529)
	at io.netty.handler.codec.ReplayingDecoder.callDecode(ReplayingDecoder.java:366)
	... 17 common frames omitted
Caused by: java.lang.ClassNotFoundException: cn.bugstack.domain.strategy_model.entity.StrategyAwardEntity
	at java.net.URLClassLoader.findClass(URLClassLoader.java:382)
	at java.lang.ClassLoader.loadClass(ClassLoader.java:418)
	at sun.misc.Launcher$AppClassLoader.loadClass(Launcher.java:355)
	at java.lang.ClassLoader.loadClass(ClassLoader.java:351)
	at java.lang.Class.forName0(Native Method)
	at java.lang.Class.forName(Class.java:348)
	at com.esotericsoftware.kryo.util.DefaultClassResolver.readName(DefaultClassResolver.java:176)
	... 29 common frames omitted
